0 info it worked if it ends with ok
1 verbose cli [ '/home/fish/Util/node-v4.1.1-linux-x64/bin/node',
1 verbose cli   '/usr/sbin/npm',
1 verbose cli   'start' ]
2 info using npm@2.14.4
3 info using node@v4.1.1
4 verbose run-script [ 'prestart', 'start', 'poststart' ]
5 info prestart server2@1.0.0
6 info start server2@1.0.0
7 verbose unsafe-perm in lifecycle true
8 info server2@1.0.0 Failed to exec start script
9 verbose stack Error: server2@1.0.0 start: `babel-node index.js`
9 verbose stack Exit status 1
9 verbose stack     at EventEmitter.<anonymous> (/home/fish/Util/node-v4.1.1-linux-x64/lib/node_modules/npm/lib/utils/lifecycle.js:214:16)
9 verbose stack     at emitTwo (events.js:87:13)
9 verbose stack     at EventEmitter.emit (events.js:172:7)
9 verbose stack     at ChildProcess.<anonymous> (/home/fish/Util/node-v4.1.1-linux-x64/lib/node_modules/npm/lib/utils/spawn.js:24:14)
9 verbose stack     at emitTwo (events.js:87:13)
9 verbose stack     at ChildProcess.emit (events.js:172:7)
9 verbose stack     at maybeClose (internal/child_process.js:817:16)
9 verbose stack     at Process.ChildProcess._handle.onexit (internal/child_process.js:211:5)
10 verbose pkgid server2@1.0.0
11 verbose cwd /home/fish/Project/MyManager/server2
12 error Linux 3.13.0-32-generic
13 error argv "/home/fish/Util/node-v4.1.1-linux-x64/bin/node" "/usr/sbin/npm" "start"
14 error node v4.1.1
15 error npm  v2.14.4
16 error code ELIFECYCLE
17 error server2@1.0.0 start: `babel-node index.js`
17 error Exit status 1
18 error Failed at the server2@1.0.0 start script 'babel-node index.js'.
18 error This is most likely a problem with the server2 package,
18 error not with npm itself.
18 error Tell the author that this fails on your system:
18 error     babel-node index.js
18 error You can get their info via:
18 error     npm owner ls server2
18 error There is likely additional logging output above.
19 verbose exit [ 1, true ]
